<?xml version="1.0" encoding="UTF-8"?><testsuite failures="1" name="cucumber.runtime.formatter.JUnitFormatter" skipped="0" tests="1" time="15.378538">
<testcase classname="login into good money atlas" name="Atlas Login Scenario" time="15.378538">
<failure message="org.openqa.selenium.NoSuchElementException: no such element: Unable to locate element: {&quot;method&quot;:&quot;xpath&quot;,&quot;selector&quot;:&quot;//h4[text()='Atlas']&quot;}&#10;  (Session info: chrome=79.0.3945.130)&#10;For documentation on this error, please visit: http://seleniumhq.org/exceptions/no_such_element.html&#10;Build info: version: '3.5.3', revision: 'a88d25fe6b', time: '2017-08-29T12:42:44.417Z'&#10;System info: host: 'DESKTOP-B2426KB', ip: '192.168.43.67', os.name: 'Windows 10', os.arch: 'amd64', os.version: '10.0', java.version: '1.8.0_202'&#10;Driver info: org.openqa.selenium.chrome.ChromeDriver&#10;Capabilities [{networkConnectionEnabled=false, chrome={chromedriverVersion=79.0.3945.36 (3582db32b33893869b8c1339e8f4d9ed1816f143-refs/branch-heads/3945@{#614}), userDataDir=C:\Users\RAJASE~1\AppData\Local\Temp\scoped_dir17560_1995167893}, timeouts={implicit=0, pageLoad=300000, script=30000}, pageLoadStrategy=normal, unhandledPromptBehavior=dismiss and notify, strictFileInteractability=false, platform=XP, proxy=Proxy(), goog:chromeOptions={debuggerAddress=localhost:57417}, acceptInsecureCerts=false, browserVersion=79.0.3945.130, browserName=chrome, javascriptEnabled=true, platformName=XP, setWindowRect=true}]&#10;Session ID: daf3d01cb0645d6a123c75e7467aff48&#10;*** Element info: {Using=xpath, value=//h4[text()='Atlas']}&#13;&#10;&#9;at sun.reflect.NativeConstructorAccessorImpl.newInstance0(Native Method)&#13;&#10;&#9;at sun.reflect.NativeConstructorAccessorImpl.newInstance(Unknown Source)&#13;&#10;&#9;at sun.reflect.DelegatingConstructorAccessorImpl.newInstance(Unknown Source)&#13;&#10;&#9;at java.lang.reflect.Constructor.newInstance(Unknown Source)&#13;&#10;&#9;at org.openqa.selenium.remote.http.W3CHttpResponseCodec.createException(W3CHttpResponseCodec.java:185)&#13;&#10;&#9;at org.openqa.selenium.remote.http.W3CHttpResponseCodec.decode(W3CHttpResponseCodec.java:120)&#13;&#10;&#9;at org.openqa.selenium.remote.http.W3CHttpResponseCodec.decode(W3CHttpResponseCodec.java:49)&#13;&#10;&#9;at org.openqa.selenium.remote.HttpCommandExecutor.execute(HttpCommandExecutor.java:164)&#13;&#10;&#9;at org.openqa.selenium.remote.service.DriverCommandExecutor.execute(DriverCommandExecutor.java:82)&#13;&#10;&#9;at org.openqa.selenium.remote.RemoteWebDriver.execute(RemoteWebDriver.java:646)&#13;&#10;&#9;at org.openqa.selenium.remote.RemoteWebDriver.findElement(RemoteWebDriver.java:416)&#13;&#10;&#9;at org.openqa.selenium.remote.RemoteWebDriver.findElementByXPath(RemoteWebDriver.java:518)&#13;&#10;&#9;at org.openqa.selenium.By$ByXPath.findElement(By.java:361)&#13;&#10;&#9;at org.openqa.selenium.remote.RemoteWebDriver.findElement(RemoteWebDriver.java:408)&#13;&#10;&#9;at stepDefinitions.LoginwithDatatable.user_in_on_home_page(LoginwithDatatable.java:59)&#13;&#10;&#9;at ✽.And user in on home page(E:/Git/BasicsBDD/src/main/java/Features/login_with_datatabale.feature:10)&#13;&#10;"><![CDATA[Given User is already on login page.........................................passed
When Title of Atlas.........................................................passed
Then User enters username and password......................................passed
Then User clicks on login button............................................passed
And user in on home page....................................................failed

StackTrace:
org.openqa.selenium.NoSuchElementException: no such element: Unable to locate element: {"method":"xpath","selector":"//h4[text()='Atlas']"}
  (Session info: chrome=79.0.3945.130)
For documentation on this error, please visit: http://seleniumhq.org/exceptions/no_such_element.html
Build info: version: '3.5.3', revision: 'a88d25fe6b', time: '2017-08-29T12:42:44.417Z'
System info: host: 'DESKTOP-B2426KB', ip: '192.168.43.67', os.name: 'Windows 10', os.arch: 'amd64', os.version: '10.0', java.version: '1.8.0_202'
Driver info: org.openqa.selenium.chrome.ChromeDriver
Capabilities [{networkConnectionEnabled=false, chrome={chromedriverVersion=79.0.3945.36 (3582db32b33893869b8c1339e8f4d9ed1816f143-refs/branch-heads/3945@{#614}), userDataDir=C:\Users\RAJASE~1\AppData\Local\Temp\scoped_dir17560_1995167893}, timeouts={implicit=0, pageLoad=300000, script=30000}, pageLoadStrategy=normal, unhandledPromptBehavior=dismiss and notify, strictFileInteractability=false, platform=XP, proxy=Proxy(), goog:chromeOptions={debuggerAddress=localhost:57417}, acceptInsecureCerts=false, browserVersion=79.0.3945.130, browserName=chrome, javascriptEnabled=true, platformName=XP, setWindowRect=true}]
Session ID: daf3d01cb0645d6a123c75e7467aff48
*** Element info: {Using=xpath, value=//h4[text()='Atlas']}
	at sun.reflect.NativeConstructorAccessorImpl.newInstance0(Native Method)
	at sun.reflect.NativeConstructorAccessorImpl.newInstance(Unknown Source)
	at sun.reflect.DelegatingConstructorAccessorImpl.newInstance(Unknown Source)
	at java.lang.reflect.Constructor.newInstance(Unknown Source)
	at org.openqa.selenium.remote.http.W3CHttpResponseCodec.createException(W3CHttpResponseCodec.java:185)
	at org.openqa.selenium.remote.http.W3CHttpResponseCodec.decode(W3CHttpResponseCodec.java:120)
	at org.openqa.selenium.remote.http.W3CHttpResponseCodec.decode(W3CHttpResponseCodec.java:49)
	at org.openqa.selenium.remote.HttpCommandExecutor.execute(HttpCommandExecutor.java:164)
	at org.openqa.selenium.remote.service.DriverCommandExecutor.execute(DriverCommandExecutor.java:82)
	at org.openqa.selenium.remote.RemoteWebDriver.execute(RemoteWebDriver.java:646)
	at org.openqa.selenium.remote.RemoteWebDriver.findElement(RemoteWebDriver.java:416)
	at org.openqa.selenium.remote.RemoteWebDriver.findElementByXPath(RemoteWebDriver.java:518)
	at org.openqa.selenium.By$ByXPath.findElement(By.java:361)
	at org.openqa.selenium.remote.RemoteWebDriver.findElement(RemoteWebDriver.java:408)
	at stepDefinitions.LoginwithDatatable.user_in_on_home_page(LoginwithDatatable.java:59)
	at ✽.And user in on home page(E:/Git/BasicsBDD/src/main/java/Features/login_with_datatabale.feature:10)
]]></failure>
</testcase>
</testsuite>
